2018-12-26 18:36:46,581 INFO  [WizardController] com.oracle.cie.domain.template.catalog.impl.ComponentsXMLConverter - C:\Oracle\Middleware\wlserver_10.3\common\lib\components.xml does not contain component elements and will be skipped
2018-12-26 18:36:46,582 INFO  [WizardController] com.oracle.cie.wizard.domain.gui.tasks.MultipleTemplateSelectionGUITask - Selected required template: Basic WebLogic Server Domain:10.3.6.0 [C:\Oracle\Middleware\wlserver_10.3\common\templates\domains\wls.jar] 
2018-12-26 18:36:54,487 INFO  [WizardController] com.oracle.cie.domain.WLSTemplateBuilder - No config-groups.xml found in template
2018-12-26 18:36:54,491 INFO  [WizardController] com.oracle.cie.domain.WLSTemplateBuilder - No template-database.xml found in template
2018-12-26 18:36:55,026 INFO  [WizardController] com.oracle.cie.domain.AbstractTemplate - Adding top-level component reference: WebLogic Server version 10.3.6.0
2018-12-26 18:36:55,028 INFO  [WizardController] com.oracle.cie.domain.AbstractTemplate - Setting symbol for component WebLogic Server version 10.3.6.0 to WebLogic_Server_10.3.6.0_wlserver_10.3_ORACLE_HOME
2018-12-26 18:36:55,101 INFO  [WizardController] com.oracle.cie.domain.WLSTemplateBuilder - No template-database.xml found in template
2018-12-26 18:36:55,132 INFO  [WizardController] com.oracle.cie.domain.WLSTemplateBuilder - No template-database.xml found in template
2018-12-26 18:36:55,158 INFO  [WizardController] com.oracle.cie.domain.WLSTemplateBuilder - No template-database.xml found in template
2018-12-26 18:36:55,186 INFO  [WizardController] com.oracle.cie.domain.WLSTemplateBuilder - No template-database.xml found in template
2018-12-26 18:36:55,202 INFO  [WizardController] com.oracle.cie.domain.WLSTemplateBuilder - No template-database.xml found in template
2018-12-26 18:36:55,294 INFO  [WizardController] com.oracle.cie.domain.WLSTemplateBuilder - No template-database.xml found in template
2018-12-26 18:36:56,034 INFO  [WizardController] com.oracle.cie.domain.WLSTemplateBuilder - No template-database.xml found in template
2018-12-26 18:36:56,113 INFO  [WizardController] com.oracle.cie.domain.AbstractTemplate - Setting symbol for component oracle.as.jrf version 11.1.1.7.0 to oracle.as.jrf_11.1.1.7.0_oracle_common_ORACLE_HOME
2018-12-26 18:36:56,185 INFO  [WizardController] com.oracle.cie.domain.AbstractTemplate - Setting symbol for component oracle.as.jrf version 11.1.1.7.0 to oracle.as.jrf_11.1.1.7.0_oracle_common_ORACLE_HOME
2018-12-26 18:36:56,226 INFO  [WizardController] com.oracle.cie.domain.AbstractTemplate - Setting symbol for component oracle.as.jrf version 11.1.1.7.0 to oracle.as.jrf_11.1.1.7.0_oracle_common_ORACLE_HOME
2018-12-26 18:36:56,293 INFO  [WizardController] com.oracle.cie.domain.AbstractTemplate - Adding top-level component reference: oracle.osb.top version 11.1.1.7.0
2018-12-26 18:36:56,294 INFO  [WizardController] com.oracle.cie.domain.AbstractTemplate - Setting symbol for component oracle.osb.top version 11.1.1.7.0 to oracle.osb.top_11.1.1.7.0_Oracle_OSB1_ORACLE_HOME
2018-12-26 18:36:56,334 INFO  [WizardController] com.oracle.cie.domain.AbstractTemplate - Setting symbol for component oracle.as.jrf version 11.1.1.7.0 to oracle.as.jrf_11.1.1.7.0_oracle_common_ORACLE_HOME
2018-12-26 18:36:56,380 INFO  [WizardController] com.oracle.cie.domain.AbstractTemplate - Adding top-level component reference: WebLogic Server version 10.3.6.0
2018-12-26 18:36:56,380 INFO  [WizardController] com.oracle.cie.domain.AbstractTemplate - Setting symbol for component WebLogic Server version 10.3.6.0 to WebLogic_Server_10.3.6.0_wlserver_10.3_ORACLE_HOME
2018-12-26 18:36:56,524 INFO  [WizardController] com.oracle.cie.domain.AbstractTemplate - Adding top-level component reference: oracle.osb.top version 11.1.1.7.0
2018-12-26 18:36:56,524 INFO  [WizardController] com.oracle.cie.domain.AbstractTemplate - Setting symbol for component oracle.osb.top version 11.1.1.7.0 to oracle.osb.top_11.1.1.7.0_Oracle_OSB1_ORACLE_HOME
2018-12-26 18:36:56,778 INFO  [WizardController] com.oracle.cie.domain.AbstractTemplate - Adding top-level component reference: oracle.osb.top version 11.1.1.7.0
2018-12-26 18:36:56,779 INFO  [WizardController] com.oracle.cie.domain.AbstractTemplate - Setting symbol for component oracle.osb.top version 11.1.1.7.0 to oracle.osb.top_11.1.1.7.0_Oracle_OSB1_ORACLE_HOME
2018-12-26 18:36:57,001 WARN  [WizardController] com.oracle.cie.domain.ConfigGroupsDeployer - Unable to locate AppDeployment with the name JPD Transport Provider
2018-12-26 18:36:57,020 WARN  [WizardController] com.oracle.cie.domain.ConfigGroupsDeployer - Unable to locate AppDeployment with the name JPD Transport Provider
2018-12-26 18:40:21,527 INFO  [WizardController] com.oracle.cie.domain.DomainChecker - ListenPort internal Validation result= [null]
2018-12-26 18:40:21,528 INFO  [WizardController] com.oracle.cie.domain.DomainChecker - ListenPort external Validation result= [null]
2018-12-26 18:40:27,932 INFO  [Thread-8] com.oracle.cie.domain.script.ScriptExecutor - find Server "AdminServer" as obj0
2018-12-26 18:40:27,939 INFO  [Thread-8] com.oracle.cie.domain.script.ScriptExecutor - succeed: find Server "AdminServer" as obj0
2018-12-26 18:40:27,998 INFO  [Thread-8] com.oracle.cie.domain.script.ScriptExecutor - find Server "osb_server1" as obj1
2018-12-26 18:40:28,003 INFO  [Thread-8] com.oracle.cie.domain.script.ScriptExecutor - succeed: find Server "osb_server1" as obj1
2018-12-26 18:40:29,209 INFO  [Thread-8] com.oracle.cie.domain.script.ScriptExecutor - find SecurityConfiguration "sandeep_domain" as obj2
2018-12-26 18:40:29,211 INFO  [Thread-8] com.oracle.cie.domain.script.ScriptExecutor - succeed: find SecurityConfiguration "sandeep_domain" as obj2
2018-12-26 18:40:29,286 INFO  [Thread-8] com.oracle.cie.domain.script.ScriptExecutor - find Realm "myrealm" as obj3
2018-12-26 18:40:29,287 INFO  [Thread-8] com.oracle.cie.domain.script.ScriptExecutor - succeed: find Realm "myrealm" as obj3
2018-12-26 18:40:29,301 INFO  [Thread-8] com.oracle.cie.domain.script.ScriptExecutor - find SecurityConfiguration!Realm "sandeep_domain!myrealm" as obj4
2018-12-26 18:40:29,302 INFO  [Thread-8] com.oracle.cie.domain.script.ScriptExecutor - succeed: find SecurityConfiguration!Realm "sandeep_domain!myrealm" as obj4
2018-12-26 18:40:29,425 INFO  [Thread-8] com.oracle.cie.domain.script.ScriptExecutor - find SecurityConfiguration!Realm!AuthenticationProvider "sandeep_domain!myrealm!Provider" as obj5
2018-12-26 18:40:29,427 INFO  [Thread-8] com.oracle.cie.domain.script.ScriptExecutor - succeed: find SecurityConfiguration!Realm!AuthenticationProvider "sandeep_domain!myrealm!Provider" as obj5
2018-12-26 18:40:29,462 INFO  [Thread-8] com.oracle.cie.domain.script.ScriptExecutor - set obj5 attribute UseRetrievedUserNameAsPrincipal to "true"
2018-12-26 18:40:29,465 INFO  [Thread-8] com.oracle.cie.domain.script.ScriptExecutor - succeed: set obj5 attribute UseRetrievedUserNameAsPrincipal to "true"
2018-12-26 18:40:29,468 INFO  [Thread-8] com.oracle.cie.domain.script.ScriptExecutor - create Server!ServerDiagnosticConfig "AdminServer!AdminServer" as obj6
2018-12-26 18:40:29,518 INFO  [Thread-8] com.oracle.cie.domain.script.ScriptExecutor - succeed: create Server!ServerDiagnosticConfig "AdminServer!AdminServer" as obj6
2018-12-26 18:40:29,525 INFO  [Thread-8] com.oracle.cie.domain.script.ScriptExecutor - set obj6 attribute DiagnosticContextEnabled to "true"
2018-12-26 18:40:29,529 INFO  [Thread-8] com.oracle.cie.domain.script.ScriptExecutor - succeed: set obj6 attribute DiagnosticContextEnabled to "true"
2018-12-26 18:40:29,532 INFO  [Thread-8] com.oracle.cie.domain.script.ScriptExecutor - create Server!ServerDiagnosticConfig "osb_server1!osb_server1" as obj7
2018-12-26 18:40:29,536 INFO  [Thread-8] com.oracle.cie.domain.script.ScriptExecutor - succeed: create Server!ServerDiagnosticConfig "osb_server1!osb_server1" as obj7
2018-12-26 18:40:29,538 INFO  [Thread-8] com.oracle.cie.domain.script.ScriptExecutor - set obj7 attribute DiagnosticContextEnabled to "true"
2018-12-26 18:40:29,540 INFO  [Thread-8] com.oracle.cie.domain.script.ScriptExecutor - succeed: set obj7 attribute DiagnosticContextEnabled to "true"
2018-12-26 18:40:29,687 INFO  [Thread-8] com.oracle.cie.domain.script.ScriptExecutor - find AppDeployment "XBus Kernel" as obj8
2018-12-26 18:40:29,689 INFO  [Thread-8] com.oracle.cie.domain.script.ScriptExecutor - succeed: find AppDeployment "XBus Kernel" as obj8
2018-12-26 18:40:29,702 INFO  [Thread-8] com.oracle.cie.domain.script.ScriptExecutor - find Cluster "AdminServer" as obj9
2018-12-26 18:40:29,703 INFO  [Thread-8] com.oracle.cie.domain.script.ScriptExecutor - fail: find Cluster "AdminServer" as obj9
2018-12-26 18:40:29,703 INFO  [Thread-8] com.oracle.cie.domain.script.ScriptExecutor - find Server "AdminServer" as obj9
2018-12-26 18:40:29,706 INFO  [Thread-8] com.oracle.cie.domain.script.ScriptExecutor - succeed: find Server "AdminServer" as obj9
2018-12-26 18:40:29,706 INFO  [Thread-8] com.oracle.cie.domain.script.ScriptExecutor - find Cluster "osb_server1" as obj10
2018-12-26 18:40:29,708 INFO  [Thread-8] com.oracle.cie.domain.script.ScriptExecutor - fail: find Cluster "osb_server1" as obj10
2018-12-26 18:40:29,708 INFO  [Thread-8] com.oracle.cie.domain.script.ScriptExecutor - find Server "osb_server1" as obj10
2018-12-26 18:40:29,710 INFO  [Thread-8] com.oracle.cie.domain.script.ScriptExecutor - succeed: find Server "osb_server1" as obj10
2018-12-26 18:40:29,714 INFO  [Thread-8] com.oracle.cie.domain.script.ScriptExecutor - assign AppDeployment.SubDeployment "FTP Transport Provider.ftp_transport.jar" to Target "osb_server1"
2018-12-26 18:40:29,790 INFO  [Thread-8] com.oracle.cie.domain.script.ScriptExecutor - succeed: assign AppDeployment.SubDeployment "FTP Transport Provider.ftp_transport.jar" to Target "osb_server1"
2018-12-26 18:40:29,790 INFO  [Thread-8] com.oracle.cie.domain.script.ScriptExecutor - assign AppDeployment.SubDeployment "SFTP Transport Provider.sftp_transport.jar" to Target "osb_server1"
2018-12-26 18:40:29,794 INFO  [Thread-8] com.oracle.cie.domain.script.ScriptExecutor - succeed: assign AppDeployment.SubDeployment "SFTP Transport Provider.sftp_transport.jar" to Target "osb_server1"
2018-12-26 18:40:29,794 INFO  [Thread-8] com.oracle.cie.domain.script.ScriptExecutor - assign AppDeployment.SubDeployment "Email Transport Provider.emailtransport.jar" to Target "osb_server1"
2018-12-26 18:40:29,798 INFO  [Thread-8] com.oracle.cie.domain.script.ScriptExecutor - succeed: assign AppDeployment.SubDeployment "Email Transport Provider.emailtransport.jar" to Target "osb_server1"
2018-12-26 18:40:29,798 INFO  [Thread-8] com.oracle.cie.domain.script.ScriptExecutor - assign AppDeployment.SubDeployment "File Transport Provider.filepoll.jar" to Target "osb_server1"
2018-12-26 18:40:29,801 INFO  [Thread-8] com.oracle.cie.domain.script.ScriptExecutor - succeed: assign AppDeployment.SubDeployment "File Transport Provider.filepoll.jar" to Target "osb_server1"
2018-12-26 18:40:52,904 INFO  [Thread-8] com.oracle.cie.domain.StartMenu - Creating start menu program=C:\Oracle\Middleware\user_projects\domains\sandeep_domain\bin\startWebLogic.cmd link=Start Server for Oracle Service Bus Domain
2018-12-26 18:40:52,975 ERROR [Thread-8] com.oracle.cie.common.util.CreateShortcut - *CreateShortcut* ERROR: Shortcut creation FAILED!!
2018-12-26 18:40:52,975 INFO  [Thread-8] com.oracle.cie.domain.StartMenu - Creating start menu program=C:\Windows\system32\rundll32.exe link=Oracle Service Bus Admin Console
2018-12-26 18:40:52,978 ERROR [Thread-8] com.oracle.cie.common.util.CreateShortcut - *CreateShortcut* ERROR: Shortcut creation FAILED!!
2018-12-26 18:40:52,979 INFO  [Thread-8] com.oracle.cie.domain.StartMenu - Creating start menu program=C:\Oracle\Middleware\user_projects\domains\sandeep_domain\bin\stopWebLogic.cmd link=Stop Server
2018-12-26 18:40:52,982 ERROR [Thread-8] com.oracle.cie.common.util.CreateShortcut - *CreateShortcut* ERROR: Shortcut creation FAILED!!
2018-12-26 18:40:53,073 INFO  [Thread-8] com.oracle.cie.domain.DomainRegistryWrapper - need to initialize domainRegistrydocument object
2018-12-26 18:40:53,099 INFO  [Thread-8] com.oracle.cie.domain.DomainGenerator - Domain Generation Successful!
