2018-12-26 18:33:20,130 INFO  [WizardController] com.oracle.cie.domain.template.catalog.impl.ComponentsXMLConverter - C:\Oracle\Middleware\wlserver_10.3\common\lib\components.xml does not contain component elements and will be skipped
2018-12-26 18:33:36,206 INFO  [WizardController] com.oracle.cie.wizard.domain.gui.tasks.MultipleTemplateSelectionGUITask - Selected required template: Basic WebLogic Server Domain:10.3.6.0 [C:\Oracle\Middleware\wlserver_10.3\common\templates\domains\wls.jar] 
2018-12-26 18:34:19,871 INFO  [WizardController] com.oracle.cie.domain.WLSTemplateBuilder - No config-groups.xml found in template
2018-12-26 18:34:19,875 INFO  [WizardController] com.oracle.cie.domain.WLSTemplateBuilder - No template-database.xml found in template
2018-12-26 18:34:20,687 INFO  [WizardController] com.oracle.cie.domain.AbstractTemplate - Adding top-level component reference: WebLogic Server version 10.3.6.0
2018-12-26 18:34:20,688 INFO  [WizardController] com.oracle.cie.domain.AbstractTemplate - Setting symbol for component WebLogic Server version 10.3.6.0 to WebLogic_Server_10.3.6.0_wlserver_10.3_ORACLE_HOME
2018-12-26 18:34:20,819 INFO  [WizardController] com.oracle.cie.domain.WLSTemplateBuilder - No template-database.xml found in template
2018-12-26 18:34:20,854 INFO  [WizardController] com.oracle.cie.domain.WLSTemplateBuilder - No template-database.xml found in template
2018-12-26 18:34:20,906 INFO  [WizardController] com.oracle.cie.domain.WLSTemplateBuilder - No template-database.xml found in template
2018-12-26 18:34:20,931 INFO  [WizardController] com.oracle.cie.domain.WLSTemplateBuilder - No template-database.xml found in template
2018-12-26 18:34:20,941 INFO  [WizardController] com.oracle.cie.domain.WLSTemplateBuilder - No template-database.xml found in template
2018-12-26 18:34:21,137 INFO  [WizardController] com.oracle.cie.domain.WLSTemplateBuilder - No template-database.xml found in template
2018-12-26 18:34:22,088 INFO  [WizardController] com.oracle.cie.domain.WLSTemplateBuilder - No template-database.xml found in template
2018-12-26 18:34:22,195 INFO  [WizardController] com.oracle.cie.domain.AbstractTemplate - Setting symbol for component oracle.as.jrf version 11.1.1.7.0 to oracle.as.jrf_11.1.1.7.0_oracle_common_ORACLE_HOME
2018-12-26 18:34:22,277 INFO  [WizardController] com.oracle.cie.domain.AbstractTemplate - Setting symbol for component oracle.as.jrf version 11.1.1.7.0 to oracle.as.jrf_11.1.1.7.0_oracle_common_ORACLE_HOME
2018-12-26 18:34:22,309 INFO  [WizardController] com.oracle.cie.domain.AbstractTemplate - Setting symbol for component oracle.as.jrf version 11.1.1.7.0 to oracle.as.jrf_11.1.1.7.0_oracle_common_ORACLE_HOME
2018-12-26 18:34:22,386 INFO  [WizardController] com.oracle.cie.domain.AbstractTemplate - Adding top-level component reference: oracle.osb.top version 11.1.1.7.0
2018-12-26 18:34:22,387 INFO  [WizardController] com.oracle.cie.domain.AbstractTemplate - Setting symbol for component oracle.osb.top version 11.1.1.7.0 to oracle.osb.top_11.1.1.7.0_Oracle_OSB1_ORACLE_HOME
2018-12-26 18:34:22,443 INFO  [WizardController] com.oracle.cie.domain.AbstractTemplate - Setting symbol for component oracle.as.jrf version 11.1.1.7.0 to oracle.as.jrf_11.1.1.7.0_oracle_common_ORACLE_HOME
2018-12-26 18:34:22,495 INFO  [WizardController] com.oracle.cie.domain.AbstractTemplate - Adding top-level component reference: WebLogic Server version 10.3.6.0
2018-12-26 18:34:22,495 INFO  [WizardController] com.oracle.cie.domain.AbstractTemplate - Setting symbol for component WebLogic Server version 10.3.6.0 to WebLogic_Server_10.3.6.0_wlserver_10.3_ORACLE_HOME
2018-12-26 18:34:22,778 INFO  [WizardController] com.oracle.cie.domain.AbstractTemplate - Adding top-level component reference: oracle.osb.top version 11.1.1.7.0
2018-12-26 18:34:22,779 INFO  [WizardController] com.oracle.cie.domain.AbstractTemplate - Setting symbol for component oracle.osb.top version 11.1.1.7.0 to oracle.osb.top_11.1.1.7.0_Oracle_OSB1_ORACLE_HOME
2018-12-26 18:34:23,174 INFO  [WizardController] com.oracle.cie.domain.AbstractTemplate - Adding top-level component reference: oracle.osb.top version 11.1.1.7.0
2018-12-26 18:34:23,175 INFO  [WizardController] com.oracle.cie.domain.AbstractTemplate - Setting symbol for component oracle.osb.top version 11.1.1.7.0 to oracle.osb.top_11.1.1.7.0_Oracle_OSB1_ORACLE_HOME
2018-12-26 18:34:23,421 WARN  [WizardController] com.oracle.cie.domain.ConfigGroupsDeployer - Unable to locate AppDeployment with the name JPD Transport Provider
2018-12-26 18:34:23,441 WARN  [WizardController] com.oracle.cie.domain.ConfigGroupsDeployer - Unable to locate AppDeployment with the name JPD Transport Provider
2018-12-26 18:34:25,168 INFO  [WizardController] com.oracle.cie.wizard.domain.gui.tasks.MultipleTemplateSelectionGUITask - Selected required template: Basic WebLogic Server Domain:10.3.6.0 [C:\Oracle\Middleware\wlserver_10.3\common\templates\domains\wls.jar] 
2018-12-26 18:34:33,039 INFO  [WizardController] com.oracle.cie.domain.WLSTemplateBuilder - No config-groups.xml found in template
2018-12-26 18:34:33,040 INFO  [WizardController] com.oracle.cie.domain.WLSTemplateBuilder - No template-database.xml found in template
2018-12-26 18:34:33,232 INFO  [WizardController] com.oracle.cie.domain.AbstractTemplate - Setting symbol for component WebLogic Server version 10.3.6.0 to WebLogic_Server_10.3.6.0_wlserver_10.3_ORACLE_HOME
2018-12-26 18:34:33,249 INFO  [WizardController] com.oracle.cie.domain.WLSTemplateBuilder - No template-database.xml found in template
2018-12-26 18:34:33,266 INFO  [WizardController] com.oracle.cie.domain.WLSTemplateBuilder - No template-database.xml found in template
2018-12-26 18:34:33,288 INFO  [WizardController] com.oracle.cie.domain.WLSTemplateBuilder - No template-database.xml found in template
2018-12-26 18:34:33,304 INFO  [WizardController] com.oracle.cie.domain.WLSTemplateBuilder - No template-database.xml found in template
2018-12-26 18:34:33,315 INFO  [WizardController] com.oracle.cie.domain.WLSTemplateBuilder - No template-database.xml found in template
2018-12-26 18:34:33,330 INFO  [WizardController] com.oracle.cie.domain.WLSTemplateBuilder - No template-database.xml found in template
2018-12-26 18:34:33,341 INFO  [WizardController] com.oracle.cie.domain.WLSTemplateBuilder - No template-database.xml found in template
2018-12-26 18:34:33,375 INFO  [WizardController] com.oracle.cie.domain.WLSTemplateBuilder - No template-database.xml found in template
2018-12-26 18:34:33,383 INFO  [WizardController] com.oracle.cie.domain.WLSTemplateBuilder - No template-database.xml found in template
2018-12-26 18:34:33,390 INFO  [WizardController] com.oracle.cie.domain.WLSTemplateBuilder - No template-database.xml found in template
2018-12-26 18:34:33,395 INFO  [WizardController] com.oracle.cie.domain.WLSTemplateBuilder - No template-database.xml found in template
2018-12-26 18:34:33,406 INFO  [WizardController] com.oracle.cie.domain.WLSTemplateBuilder - No template-database.xml found in template
2018-12-26 18:34:33,457 INFO  [WizardController] com.oracle.cie.domain.WLSTemplateBuilder - No template-database.xml found in template
2018-12-26 18:34:33,464 INFO  [WizardController] com.oracle.cie.domain.WLSTemplateBuilder - No template-database.xml found in template
2018-12-26 18:34:33,472 INFO  [WizardController] com.oracle.cie.domain.WLSTemplateBuilder - No template-database.xml found in template
2018-12-26 18:34:33,478 INFO  [WizardController] com.oracle.cie.domain.WLSTemplateBuilder - No template-database.xml found in template
2018-12-26 18:34:33,511 INFO  [WizardController] com.oracle.cie.domain.AbstractTemplate - Setting symbol for component oracle.as.jrf version 11.1.1.7.0 to oracle.as.jrf_11.1.1.7.0_oracle_common_ORACLE_HOME
2018-12-26 18:34:33,532 INFO  [WizardController] com.oracle.cie.domain.AbstractTemplate - Setting symbol for component oracle.as.jrf version 11.1.1.7.0 to oracle.as.jrf_11.1.1.7.0_oracle_common_ORACLE_HOME
2018-12-26 18:34:33,572 INFO  [WizardController] com.oracle.cie.domain.AbstractTemplate - Setting symbol for component oracle.as.jrf version 11.1.1.7.0 to oracle.as.jrf_11.1.1.7.0_oracle_common_ORACLE_HOME
2018-12-26 18:34:33,610 INFO  [WizardController] com.oracle.cie.domain.AbstractTemplate - Setting symbol for component oracle.bpm.mgmt version 11.1.1.7.0 to oracle.bpm.mgmt_11.1.1.7.0_oracle_common_ORACLE_HOME
2018-12-26 18:34:33,642 INFO  [WizardController] com.oracle.cie.domain.AbstractTemplate - Adding top-level component reference: oracle.as.common.top version 11.1.1.2.0
2018-12-26 18:34:33,642 INFO  [WizardController] com.oracle.cie.domain.AbstractTemplate - Setting symbol for component oracle.as.common.top version 11.1.1.2.0 to oracle.as.common.top_11.1.1.2.0_oracle_common_ORACLE_HOME
2018-12-26 18:34:33,664 INFO  [WizardController] com.oracle.cie.domain.AbstractTemplate - Setting symbol for component oracle.sysman.plugin.ai.main.oms version 11.1.1.7.0 to oracle.sysman.plugin.ai.main.oms_11.1.1.7.0_oracle_common_ORACLE_HOME
2018-12-26 18:34:33,687 INFO  [WizardController] com.oracle.cie.domain.AbstractTemplate - Setting symbol for component oracle.osb.top version 11.1.1.7.0 to oracle.osb.top_11.1.1.7.0_Oracle_OSB1_ORACLE_HOME
2018-12-26 18:34:33,714 INFO  [WizardController] com.oracle.cie.domain.AbstractTemplate - Setting symbol for component oracle.jrf.owsm version 11.1.1.7.0 to oracle.jrf.owsm_11.1.1.7.0_oracle_common_ORACLE_HOME
2018-12-26 18:34:33,739 INFO  [WizardController] com.oracle.cie.domain.AbstractTemplate - Setting symbol for component oracle.webcenter.skin version 11.1.1.7.0 to oracle.webcenter.skin_11.1.1.7.0_oracle_common_ORACLE_HOME
2018-12-26 18:34:33,761 INFO  [WizardController] com.oracle.cie.domain.AbstractTemplate - Setting symbol for component oracle.webcenter.pageeditor version 11.1.1.7.0 to oracle.webcenter.pageeditor_11.1.1.7.0_oracle_common_ORACLE_HOME
2018-12-26 18:34:33,785 INFO  [WizardController] com.oracle.cie.domain.AbstractTemplate - Setting symbol for component oracle.webcenter.pageeditor version 11.1.1.7.0 to oracle.webcenter.pageeditor_11.1.1.7.0_oracle_common_ORACLE_HOME
2018-12-26 18:34:33,810 INFO  [WizardController] com.oracle.cie.domain.AbstractTemplate - Setting symbol for component oracle.as.jrf version 11.1.1.7.0 to oracle.as.jrf_11.1.1.7.0_oracle_common_ORACLE_HOME
2018-12-26 18:34:33,833 INFO  [WizardController] com.oracle.cie.domain.AbstractTemplate - Setting symbol for component WebLogic Server version 10.3.6.0 to WebLogic_Server_10.3.6.0_wlserver_10.3_ORACLE_HOME
2018-12-26 18:34:33,875 INFO  [WizardController] com.oracle.cie.domain.AbstractTemplate - Setting symbol for component oracle.osb.top version 11.1.1.7.0 to oracle.osb.top_11.1.1.7.0_Oracle_OSB1_ORACLE_HOME
2018-12-26 18:34:34,104 INFO  [WizardController] com.oracle.cie.domain.AbstractTemplate - Setting symbol for component oracle.osb.top version 11.1.1.7.0 to oracle.osb.top_11.1.1.7.0_Oracle_OSB1_ORACLE_HOME
2018-12-26 18:34:34,283 INFO  [WizardController] com.oracle.cie.domain.AbstractTemplate - Setting symbol for component oracle.sysman.plugin.as.main.oms.uias version 11.1.1.7.0 to oracle.sysman.plugin.as.main.oms.uias_11.1.1.7.0_oracle_common_ORACLE_HOME
2018-12-26 18:34:34,459 INFO  [WizardController] com.oracle.cie.domain.AbstractTemplate - Setting symbol for component oracle.sysman.oms.core version 11.1.1.7.0 to oracle.sysman.oms.core_11.1.1.7.0_oracle_common_ORACLE_HOME
2018-12-26 18:34:34,627 INFO  [WizardController] com.oracle.cie.domain.AbstractTemplate - Adding top-level component reference: oracle.osb.top version 11.1.1.7.0
2018-12-26 18:34:34,628 INFO  [WizardController] com.oracle.cie.domain.AbstractTemplate - Setting symbol for component oracle.osb.top version 11.1.1.7.0 to oracle.osb.top_11.1.1.7.0_Oracle_OSB1_ORACLE_HOME
2018-12-26 18:34:34,809 WARN  [WizardController] com.oracle.cie.domain.ConfigGroupsDeployer - Unable to locate AppDeployment with the name JPD Transport Provider
2018-12-26 18:34:34,831 WARN  [WizardController] com.oracle.cie.domain.ConfigGroupsDeployer - Unable to locate AppDeployment with the name JPD Transport Provider
2018-12-26 18:35:51,017 INFO  [WizardController] com.oracle.cie.wizard.domain.gui.tasks.MultipleTemplateSelectionGUITask - Selected required template: Basic WebLogic Server Domain:10.3.6.0 [C:\Oracle\Middleware\wlserver_10.3\common\templates\domains\wls.jar] 
2018-12-26 18:35:57,124 INFO  [WizardController] com.oracle.cie.domain.WLSTemplateBuilder - No config-groups.xml found in template
2018-12-26 18:35:57,125 INFO  [WizardController] com.oracle.cie.domain.WLSTemplateBuilder - No template-database.xml found in template
2018-12-26 18:35:57,219 INFO  [WizardController] com.oracle.cie.domain.AbstractTemplate - Setting symbol for component WebLogic Server version 10.3.6.0 to WebLogic_Server_10.3.6.0_wlserver_10.3_ORACLE_HOME
2018-12-26 18:35:57,235 INFO  [WizardController] com.oracle.cie.domain.WLSTemplateBuilder - No template-database.xml found in template
2018-12-26 18:35:57,242 INFO  [WizardController] com.oracle.cie.domain.WLSTemplateBuilder - No template-database.xml found in template
2018-12-26 18:35:57,248 INFO  [WizardController] com.oracle.cie.domain.WLSTemplateBuilder - No template-database.xml found in template
2018-12-26 18:35:57,261 INFO  [WizardController] com.oracle.cie.domain.WLSTemplateBuilder - No template-database.xml found in template
2018-12-26 18:35:57,279 INFO  [WizardController] com.oracle.cie.domain.WLSTemplateBuilder - No template-database.xml found in template
2018-12-26 18:35:57,293 INFO  [WizardController] com.oracle.cie.domain.WLSTemplateBuilder - No template-database.xml found in template
2018-12-26 18:35:57,348 INFO  [WizardController] com.oracle.cie.domain.WLSTemplateBuilder - No template-database.xml found in template
2018-12-26 18:35:57,365 INFO  [WizardController] com.oracle.cie.domain.AbstractTemplate - Setting symbol for component oracle.as.jrf version 11.1.1.7.0 to oracle.as.jrf_11.1.1.7.0_oracle_common_ORACLE_HOME
2018-12-26 18:35:57,387 INFO  [WizardController] com.oracle.cie.domain.AbstractTemplate - Setting symbol for component oracle.as.jrf version 11.1.1.7.0 to oracle.as.jrf_11.1.1.7.0_oracle_common_ORACLE_HOME
2018-12-26 18:35:57,406 INFO  [WizardController] com.oracle.cie.domain.AbstractTemplate - Setting symbol for component oracle.as.jrf version 11.1.1.7.0 to oracle.as.jrf_11.1.1.7.0_oracle_common_ORACLE_HOME
2018-12-26 18:35:57,456 INFO  [WizardController] com.oracle.cie.domain.AbstractTemplate - Setting symbol for component oracle.osb.top version 11.1.1.7.0 to oracle.osb.top_11.1.1.7.0_Oracle_OSB1_ORACLE_HOME
2018-12-26 18:35:57,480 INFO  [WizardController] com.oracle.cie.domain.AbstractTemplate - Setting symbol for component oracle.jrf.owsm version 11.1.1.7.0 to oracle.jrf.owsm_11.1.1.7.0_oracle_common_ORACLE_HOME
2018-12-26 18:35:57,507 INFO  [WizardController] com.oracle.cie.domain.AbstractTemplate - Setting symbol for component oracle.as.jrf version 11.1.1.7.0 to oracle.as.jrf_11.1.1.7.0_oracle_common_ORACLE_HOME
2018-12-26 18:35:57,529 INFO  [WizardController] com.oracle.cie.domain.AbstractTemplate - Setting symbol for component WebLogic Server version 10.3.6.0 to WebLogic_Server_10.3.6.0_wlserver_10.3_ORACLE_HOME
2018-12-26 18:35:57,566 INFO  [WizardController] com.oracle.cie.domain.AbstractTemplate - Setting symbol for component oracle.osb.top version 11.1.1.7.0 to oracle.osb.top_11.1.1.7.0_Oracle_OSB1_ORACLE_HOME
2018-12-26 18:35:57,702 INFO  [WizardController] com.oracle.cie.domain.AbstractTemplate - Setting symbol for component oracle.osb.top version 11.1.1.7.0 to oracle.osb.top_11.1.1.7.0_Oracle_OSB1_ORACLE_HOME
2018-12-26 18:35:57,902 WARN  [WizardController] com.oracle.cie.domain.ConfigGroupsDeployer - Unable to locate AppDeployment with the name JPD Transport Provider
2018-12-26 18:35:57,931 WARN  [WizardController] com.oracle.cie.domain.ConfigGroupsDeployer - Unable to locate AppDeployment with the name JPD Transport Provider
