INFO: Environment Variables: 

INFO: 	ORACLE_HOME = 

INFO: 	PATH = C:\app\Administrator\product\11.2.0\client_1;C:\Program Files (x86)\Intel\Intel(R) Management Engine Components\iCLS\;C:\Program Files\Intel\Intel(R) Management Engine Components\iCLS\;C:\Windows\system32;C:\Windows;C:\Windows\System32\Wbem;C:\Windows\System32\WindowsPowerShell\v1.0\;C:\Program Files\Intel\WiFi\bin\;C:\Program Files\Common Files\Intel\WirelessCommon\;C:\Program Files (x86)\Intel\Intel(R) Management Engine Components\DAL;C:\Program Files\Intel\Intel(R) Management Engine Components\DAL;C:\Program Files (x86)\Intel\Intel(R) Management Engine Components\IPT;C:\Program Files\Intel\Intel(R) Management Engine Components\IPT;C:\Program Files\TortoiseSVN\bin;C:\Users\caretaker\AppData\Local\Microsoft\WindowsApps

INFO: 	CLASSPATH = 

INFO: Username:caretaker

INFO: Saving the install inventory which has the access of 1
INFO: The flags set for this home (C:\Oracle\Middleware1\oracle_common) are:clean
INFO: Home:C:\Oracle\Middleware1\oracle_common oraclehomeproperties.xml is not saved because the flags indicate no changes to this file.
INFO: The flags set for this home (C:\Oracle\Middleware1\Oracle_OSB1) are:clean
INFO: Home:C:\Oracle\Middleware1\Oracle_OSB1 oraclehomeproperties.xml is not saved because the flags indicate no changes to this file.
INFO: The flags set for this home (C:\Oracle\Middleware\oracle_common) are:aruID|aruDesc|guid|addedToCI
INFO: Problem in saving inventory.C:\Oracle\Middleware\oracle_common\inventory\ContentsXML\oraclehomeproperties.xml.bak (The system cannot find the file specified)
INFO: The flags set for this home (C:\Oracle\Middleware\Oracle_OSB1) are:aruID|aruDesc|guid|addedToCI
INFO: Updating XML inventory.
INFO: Current Inventory:
	Oracle Home: OH1202640276
		This Oracle Home has not been changed in this session.
	Oracle Home: OH65580324
		This Oracle Home has not been changed in this session.
	Oracle Home: OH1744246877
		This Oracle Home has not been changed in this session.
	Oracle Home: OH569619429
		This Oracle Home has not been changed in this session.

INFO: Ending the inventory Session 
INFO: Using an existing InstallAreaControl for this Inventory Session with existing access level 1
INFO: Using an existing InstallAreaControl for this Inventory Session with existing access level 1
INFO: Environment Variables: 

INFO: 	ORACLE_HOME = 

INFO: 	PATH = C:\app\Administrator\product\11.2.0\client_1;C:\Program Files (x86)\Intel\Intel(R) Management Engine Components\iCLS\;C:\Program Files\Intel\Intel(R) Management Engine Components\iCLS\;C:\Windows\system32;C:\Windows;C:\Windows\System32\Wbem;C:\Windows\System32\WindowsPowerShell\v1.0\;C:\Program Files\Intel\WiFi\bin\;C:\Program Files\Common Files\Intel\WirelessCommon\;C:\Program Files (x86)\Intel\Intel(R) Management Engine Components\DAL;C:\Program Files\Intel\Intel(R) Management Engine Components\DAL;C:\Program Files (x86)\Intel\Intel(R) Management Engine Components\IPT;C:\Program Files\Intel\Intel(R) Management Engine Components\IPT;C:\Program Files\TortoiseSVN\bin;C:\Users\caretaker\AppData\Local\Microsoft\WindowsApps

INFO: 	CLASSPATH = 

INFO: Username:caretaker

INFO: Saving the install inventory which has the access of 1
INFO: The flags set for this home (C:\Oracle\Middleware1\oracle_common) are:clean
INFO: Home:C:\Oracle\Middleware1\oracle_common oraclehomeproperties.xml is not saved because the flags indicate no changes to this file.
INFO: The flags set for this home (C:\Oracle\Middleware1\Oracle_OSB1) are:clean
INFO: Home:C:\Oracle\Middleware1\Oracle_OSB1 oraclehomeproperties.xml is not saved because the flags indicate no changes to this file.
INFO: The flags set for this home (C:\Oracle\Middleware\oracle_common) are:aruID|aruDesc|guid|addedToCI
INFO: Problem in saving inventory.C:\Oracle\Middleware\oracle_common\inventory\ContentsXML\oraclehomeproperties.xml.bak (The system cannot find the file specified)
INFO: The flags set for this home (C:\Oracle\Middleware\Oracle_OSB1) are:aruID|aruDesc|guid|addedToCI
INFO: Problem in saving inventory.C:\Oracle\Middleware\Oracle_OSB1\inventory\ContentsXML\oraclehomeproperties.xml.bak (The system cannot find the file specified)
INFO: Updating XML inventory.
INFO: Current Inventory:
	Oracle Home: OH1202640276
		This Oracle Home has not been changed in this session.
	Oracle Home: OH65580324
		This Oracle Home has not been changed in this session.
	Oracle Home: OH1744246877
		This Oracle Home has not been changed in this session.
	Oracle Home: OH569619429
		This Oracle Home has not been changed in this session.

INFO: Ending the inventory Session 
INFO: Using an existing InstallAreaControl for this Inventory Session with existing access level 1
INFO: Using an existing InstallAreaControl for this Inventory Session with existing access level 1
INFO: Environment Variables: 

INFO: 	ORACLE_HOME = 

INFO: 	PATH = C:\app\Administrator\product\11.2.0\client_1;C:\Program Files (x86)\Intel\Intel(R) Management Engine Components\iCLS\;C:\Program Files\Intel\Intel(R) Management Engine Components\iCLS\;C:\Windows\system32;C:\Windows;C:\Windows\System32\Wbem;C:\Windows\System32\WindowsPowerShell\v1.0\;C:\Program Files\Intel\WiFi\bin\;C:\Program Files\Common Files\Intel\WirelessCommon\;C:\Program Files (x86)\Intel\Intel(R) Management Engine Components\DAL;C:\Program Files\Intel\Intel(R) Management Engine Components\DAL;C:\Program Files (x86)\Intel\Intel(R) Management Engine Components\IPT;C:\Program Files\Intel\Intel(R) Management Engine Components\IPT;C:\Program Files\TortoiseSVN\bin;C:\Users\caretaker\AppData\Local\Microsoft\WindowsApps

INFO: 	CLASSPATH = 

INFO: Username:caretaker

INFO: Saving the install inventory which has the access of 1
INFO: The flags set for this home (C:\Oracle\Middleware1\oracle_common) are:clean
INFO: Home:C:\Oracle\Middleware1\oracle_common oraclehomeproperties.xml is not saved because the flags indicate no changes to this file.
INFO: The flags set for this home (C:\Oracle\Middleware1\Oracle_OSB1) are:clean
INFO: Home:C:\Oracle\Middleware1\Oracle_OSB1 oraclehomeproperties.xml is not saved because the flags indicate no changes to this file.
INFO: The flags set for this home (C:\Oracle\Middleware\oracle_common) are:aruID|aruDesc|guid|addedToCI
INFO: Problem in saving inventory.C:\Oracle\Middleware\oracle_common\inventory\ContentsXML\oraclehomeproperties.xml.bak (The system cannot find the file specified)
INFO: The flags set for this home (C:\Oracle\Middleware\Oracle_OSB1) are:aruID|aruDesc|guid|addedToCI
INFO: Problem in saving inventory.C:\Oracle\Middleware\Oracle_OSB1\inventory\ContentsXML\oraclehomeproperties.xml.bak (The system cannot find the file specified)
INFO: Updating XML inventory.
INFO: Current Inventory:
	Oracle Home: OH1202640276
		This Oracle Home has not been changed in this session.
	Oracle Home: OH65580324
		This Oracle Home has not been changed in this session.
	Oracle Home: OH1744246877
		This Oracle Home has not been changed in this session.
	Oracle Home: OH569619429
		This Oracle Home has not been changed in this session.

INFO: Ending the inventory Session 
INFO: Using an existing InstallAreaControl for this Inventory Session with existing access level 1
INFO: Using an existing InstallAreaControl for this Inventory Session with existing access level 1
INFO: Using an existing InstallAreaControl for this Inventory Session with existing access level 1
