Copyright (c) 1996, 2013, Oracle and/or its affiliates. All rights reserved.
#This is the time taken for the interview/data collection phase.
Interview Time : 94 seconds.
#Time taken to copy files to the machine
Install Time : 42 seconds.
#Time taken to link files on the machine. This is not applicable to Windows Systems.
Link Time : 0 seconds.
#Time taken to configure the product.
Configuration Time : 0 seconds.
#This is the time taken to complete the full install session.
Session Time : 216 seconds.
#Operating System on the machine
Operating System : Windows 8
#Processor on the machine
Processor Architecture : amd64
#The cycle speed of the CPU
CPU Speed : 0.0 GHz
#This is the number of CPUs available to the installer's JVM
CPU Number : 4 Processors.
#This is the total RAM on the system
Total Memory : 8056 MB.
#RAM available to the installer's JVM during the install session.
Available Memory : 3752 MB.
#Available Swap space on this machine when installer started
Available Swap Space : 137437671976 MB.
#Maximum number of threads at any given instance during this install session.
Peak Thread Count : 20 Threads.
#Installation Directory
Oracle Home : C:\Oracle\Middleware\Oracle_OSB1
#Indicates SILENT or GUI mode install type.
Install Mode : GUI
#Total size of files copied on the machine by the installer
Oracle Home Size : 0.2714285608381033 GB.
#The location of the shiphome
Installed From : D:\Software\OSB_WLS _ECLIPSE_complete\ofm_osb_generic_11.1.1.7.0_disk1_1of1\Disk1\install\win64\../../stage/products.xml


