Adding to classpath:file:/C:/Users/CARETA~1/AppData/Local/Temp/OraInstall2018-12-10_02-56-35PM/ext/jlib/osb.jar
Adding to classpath:file:/C:/Users/CARETA~1/AppData/Local/Temp/OraInstall2018-12-10_02-56-35PM/ext/jlib/template.jar
Adding C:\Users\CARETA~1\AppData\Local\Temp\OraInstall2018-12-10_02-56-35PM for deletion.
CUSTOM_COPY_RIGHT@oracle.as.install.osb.resources.WelcomePage.ScreenRes
configFileName:C:\Users\CARETA~1\AppData\Local\Temp\OraInstall2018-12-10_02-56-35PM\ext\jlib\footprint.xml
oracleHome:OraHome_
componentName:oracle.osb.top
componentStartVersion:0.0.0.0
componentEndVersion:999.999.999.999
originalInvLoc:null
isNewInstallation:true
Setting current page standalone validations to true
Setting current page standalone validations to true
Temp Buffer: C:\Oracle\Middleware;
middleware homes :1
isDefaultValueChangedfalse
java.lang.UnsatisfiedLinkError: no GetVolumeInfo in java.library.path
	at java.lang.ClassLoader.loadLibrary(ClassLoader.java:1738)
	at java.lang.Runtime.loadLibrary0(Runtime.java:823)
	at java.lang.System.loadLibrary(System.java:1028)
	at oracle.as.install.engine.modules.util.others.VolumeAPI.<clinit>(VolumeAPI.java:37)
	at oracle.as.install.template.screens.SpecifyMWOHInfoWithUpgradeSupport.checkIfFileSystemIsFAT32(SpecifyMWOHInfoWithUpgradeSupport.java:503)
	at oracle.as.install.template.screens.SpecifyMWOHInfoWithUpgradeSupport.invokeStandaloneValidations(SpecifyMWOHInfoWithUpgradeSupport.java:446)
	at oracle.as.install.engine.modules.presentation.ui.common.wizard.ModifiedDWizard.doNext(ModifiedDWizard.java:697)
	at oracle.bali.ewt.wizard.BaseWizard$Action.actionPerformed(Unknown Source)
	at javax.swing.AbstractButton.fireActionPerformed(AbstractButton.java:1995)
	at javax.swing.AbstractButton$Handler.actionPerformed(AbstractButton.java:2318)
	at javax.swing.DefaultButtonModel.fireActionPerformed(DefaultButtonModel.java:387)
	at javax.swing.DefaultButtonModel.setPressed(DefaultButtonModel.java:242)
	at javax.swing.plaf.basic.BasicButtonListener.mouseReleased(BasicButtonListener.java:236)
	at java.awt.Component.processMouseEvent(Component.java:6297)
	at javax.swing.JComponent.processMouseEvent(JComponent.java:3275)
	at java.awt.Component.processEvent(Component.java:6062)
	at java.awt.Container.processEvent(Container.java:2039)
	at java.awt.Component.dispatchEventImpl(Component.java:4660)
	at java.awt.Container.dispatchEventImpl(Container.java:2097)
	at java.awt.Component.dispatchEvent(Component.java:4488)
	at java.awt.LightweightDispatcher.retargetMouseEvent(Container.java:4575)
	at java.awt.LightweightDispatcher.processMouseEvent(Container.java:4236)
	at java.awt.LightweightDispatcher.dispatchEvent(Container.java:4166)
	at java.awt.Container.dispatchEventImpl(Container.java:2083)
	at java.awt.Window.dispatchEventImpl(Window.java:2489)
	at java.awt.Component.dispatchEvent(Component.java:4488)
	at java.awt.EventQueue.dispatchEventImpl(EventQueue.java:674)
	at java.awt.EventQueue.access$400(EventQueue.java:81)
	at java.awt.EventQueue$2.run(EventQueue.java:633)
	at java.awt.EventQueue$2.run(EventQueue.java:631)
	at java.security.AccessController.doPrivileged(Native Method)
	at java.security.AccessControlContext$1.doIntersectionPrivilege(AccessControlContext.java:87)
	at java.security.AccessControlContext$1.doIntersectionPrivilege(AccessControlContext.java:98)
	at java.awt.EventQueue$3.run(EventQueue.java:647)
	at java.awt.EventQueue$3.run(EventQueue.java:645)
	at java.security.AccessController.doPrivileged(Native Method)
	at java.security.AccessControlContext$1.doIntersectionPrivilege(AccessControlContext.java:87)
	at java.awt.EventQueue.dispatchEvent(EventQueue.java:644)
	at java.awt.EventDispatchThread.pumpOneEventForFilters(EventDispatchThread.java:269)
	at java.awt.EventDispatchThread.pumpEventsForFilter(EventDispatchThread.java:184)
	at java.awt.EventDispatchThread.pumpEventsForHierarchy(EventDispatchThread.java:174)
	at java.awt.EventDispatchThread.pumpEvents(EventDispatchThread.java:169)
	at java.awt.EventDispatchThread.pumpEvents(EventDispatchThread.java:161)
	at java.awt.EventDispatchThread.run(EventDispatchThread.java:122)
Setting current page standalone validations to true
oracle home in validateData is  Oracle_OSB1
middleWare home in validateData is  C:\Oracle\Middleware
needWritableDirectory: false
NOT FOUND product.properties
Not WAS
needWritableDirectory: false
 -scratchPath
 C:\Users\CARETA~1\AppData\Local\Temp\OraInstall2018-12-10_02-56-35PM
 -sourceLoc
 D:\Software\OSB_WLS _ECLIPSE_complete\ofm_osb_generic_11.1.1.7.0_disk1_1of1\Disk1\install\win64\../../stage/products.xml
 -sourceType
 network
 -timestamp
 2018-12-10_02-56-35PM
 -jreLoc
 D:\OSB\Program\jre
In processErrorMsgStringOracle Home Directory
In processErrorMsgString@SpecifyMWOHInfoWithUpgradeSupport.m_OracleDirectoryInvalidErrorString
Obtained the single page data..SpecifyMWOHInfoWithUpgradeSupport
 -scratchPath
 C:\Users\CARETA~1\AppData\Local\Temp\OraInstall2018-12-10_02-56-35PM
 -sourceLoc
 D:\Software\OSB_WLS _ECLIPSE_complete\ofm_osb_generic_11.1.1.7.0_disk1_1of1\Disk1\install\win64\../../stage/products.xml
 -sourceType
 network
 -timestamp
 2018-12-10_02-56-35PM
 -jreLoc
 D:\OSB\Program\jre
In processErrorMsgStringOracle Home
Entering the exec handler method in get free space for home...
quotaNeededProperty:null
isQuotaNeeded : false
resultset.getStatus() : true
oraHome: C:\Oracle\Middleware\Oracle_OSB1
oracleHome:C:\Oracle\Middleware\Oracle_OSB1
componentName:oracle.osb.top
componentStartVersion:0.0.0.0
componentEndVersion:999.999.999.999
originalInvLoc:null
isNewInstallation:true
Setting current page standalone validations to true
Inside startPreReqOperation...prereq
contextFile:C:\Users\CARETA~1\AppData\Local\Temp\OraInstall2018-12-10_02-56-35PM\prereq\oui\agent_prereq_context.xml
The entry point is: oracle.installType.all
Check Name:CertifiedVersions
Check Description:This is a prerequisite condition to test whether the Oracle software is certified on the current O/S or not.
oracle.sysman.oip.oipc.oipcr.OipcrExecuteRuleException: Unable to execute rule 'CertifiedVersions' from ruleset 'OSChecks'. The underlying test 'oracle.sysman.oip.oipc.oipcz.OipczOSChecks.checkCertifiedOSVersions' has thrown an unhandled exception [null]. If the exception results in a failure of the test and the exception needs to be propagated, then encapsulate the exception in the result object and return the result.
	at oracle.sysman.oip.oipc.oipcr.OipcrRulesEngine.executeRule(OipcrRulesEngine.java:375)
	at oracle.sysman.oip.oipc.oipcp.OipcpPrereqChecker.executeCheck(OipcpPrereqChecker.java:581)
	at oracle.sysman.oip.oipc.oipcp.OipcpPrereqChecker.runChecks(OipcpPrereqChecker.java:536)
	at oracle.sysman.oip.oipc.oipcp.OipcpPrereqChecker.executePrereqs(OipcpPrereqChecker.java:437)
	at oracle.as.install.engine.modules.prereq.action.PrereqLauncher.executePrereqs(PrereqLauncher.java:254)
	at oracle.as.install.engine.modules.prereq.PreRequisiteModule.startPreReqs(PreRequisiteModule.java:764)
	at oracle.as.install.engine.modules.prereq.PreRequisiteModule.run(PreRequisiteModule.java:225)
	at java.lang.Thread.run(Thread.java:662)
Caused by: java.lang.reflect.InvocationTargetException
	at sun.reflect.NativeMethodAccessorImpl.invoke0(Native Method)
	at sun.reflect.NativeMethodAccessorImpl.invoke(NativeMethodAccessorImpl.java:39)
	at sun.reflect.DelegatingMethodAccessorImpl.invoke(DelegatingMethodAccessorImpl.java:25)
	at java.lang.reflect.Method.invoke(Method.java:597)
	at oracle.sysman.oip.oipc.oipcr.OipcrRulesEngine.executeRule(OipcrRulesEngine.java:325)
	... 7 more
Caused by: java.lang.NullPointerException
	at oracle.sysman.oip.oipc.oipch.OipchRefHost$VersionExceptionRegistry.areVersionExceptionConditionsSatisfied(OipchRefHost.java:90)
	at oracle.sysman.oip.oipc.oipch.OipchRefHost.areVersionExceptionConditionsSatisfied(OipchRefHost.java:349)
	at oracle.sysman.oip.oipc.oipcz.OipczOSChecks.checkCertifiedOSVersions(OipczOSChecks.java:144)
	at oracle.sysman.oip.oipc.oipcz.OipczOSChecks.checkCertifiedOSVersions(OipczOSChecks.java:76)
	... 12 more
Check complete. The overall result of this check is: Not executed <<<<



Check Name:TotalMemory
Check Description:This is a prerequisite condition to test whether the system has sufficient physical memory.
Expected result: 1024MB
Actual Result: 8056MB
Check complete. The overall result of this check is: Passed



Setting current page standalone validations to true
Setting current page standalone validations to true
wls home in validateData is  C:\Oracle\Middleware\wlserver_10.3
oepe home in validateData is  C:\Oracle\Middleware\oepe7
middlewareHomeLocation:C:\Oracle\Middleware
weblogicHomeLocation:C:\Oracle\Middleware\wlserver_10.3
weblogicHome:C:\Oracle\Middleware\wlserver_10.3
weblogicHomeLocation:C:\Oracle\Middleware\wlserver_10.3
resultset.getStatus() : false
Setting current page standalone validations to true
wls home in validateData is  C:\Oracle\Middleware\wlserver_10.3
oepe home in validateData is  D:\Software\oepe-indigo-all-in-one-11.1.1.8.0.201110211138-win32-x86_64
middlewareHomeLocation:C:\Oracle\Middleware
weblogicHomeLocation:C:\Oracle\Middleware\wlserver_10.3
weblogicHome:C:\Oracle\Middleware\wlserver_10.3
weblogicHomeLocation:C:\Oracle\Middleware\wlserver_10.3
resultset.getStatus() : true
In doFinish method checking for inventory lock...InstallProgressPage
Next page is a progress page and the inventory lock is false
Setting current page standalone validations to true
ORACLE_HOME......C:\Oracle\Middleware\Oracle_OSB1
Invoking CheckToplevl Component........
StageDir = D:\Software\OSB_WLS _ECLIPSE_complete\ofm_osb_generic_11.1.1.7.0_disk1_1of1\Disk1\install\win64\../../stage/
fileLoc:.......D:\Software\OSB_WLS _ECLIPSE_complete\ofm_osb_generic_11.1.1.7.0_disk1_1of1\Disk1\install\win64\../../stage/\products.xml
{oracle.osb.top=Oracle Service Bus, oracle.as.common.top=Oracle AS Common Toplevel Component}
Vector Components from SH.......[oracle.osb.top;11.1.1.7.0, oracle.as.common.top;11.1.1.2.0]
Done CheckToplevl Component........
The user provided properties object doesnt have the entry for oracle.installer.startup_location. Checking if the value has been set in the System environment
Source Loc:D:\Software\OSB_WLS _ECLIPSE_complete\ofm_osb_generic_11.1.1.7.0_disk1_1of1\Disk1\install\win64\../../stage/products.xml
Install Log:null
===========================================
Install Phase:COPY	 State:BEGIN
Install Log:Starting File Copy
Install Log:Copying files for:  Installer SDK Component 11.1.0.9.0 
Install Log:Copying files for:  Oracle One-Off Patch Installer 11.1.0.8.2 
Install Log:Copying files for:  Oracle Universal Installer 11.1.0.9.0 
Install Log:Copying files for:  Oracle Upgrade Assistant for common 11.1.1.7.0 
Install Log:Copying files for:  Oracle Upgrade Assistant 11.1.1.7.0 
Install Log:Copying files for:  Application Server 11g Common Cloning Component 11.1.1.7.0 
Install Log:Copying files for:  OracleAS Documentation 11.1.1.7.0 
Install Log:Copying files for:  Oracle BPM Management Extension 11.1.1.7.0 
Install Log:Copying files for:  Enterprise Manager Application Server Integrator Plugin -- SOA 11.1.1.7.0 
Install Log:Copying files for:  Oracle SOA Management 11.1.1.7.0 
Install Log:Copying files for:  Oracle Enterprise Manager Application Server WLS Support 11.1.1.7.0 
Install Log:Copying files for:  Oracle Enterprise Manager Application Server WLS Support 11.1.1.7.0 
Install Log:Copying files for:  Enterprise Manager Grid Control Core UI Common Files 11.1.1.7.0 
Install Log:Copying files for:  Enterprise Manager Application Server Plugin -- Common Management Service Support 11.1.1.7.0 
Install Log:Copying files for:  Enterprise Manager Application Server Plugin -- AS Management Service Support 11.1.1.7.0 
Install Log:Copying files for:  Enterprise Manager Common Core Files 11.1.1.7.0 
Install Log:Copying files for:  Enterprise Manager Application Server Integrator Plugin -- Agent Support 11.1.1.7.0 
Install Log:Copying files for:  AS Control UI Core Files 11.1.1.7.0 
Install Log:Copying files for:  Repository Creation Utility 11.1.1.7.0 
Install Log:Copying files for:  Enterprise Manager Grid Control Core Files 11.1.1.7.0 
Install Log:Copying files for:  Enterprise Manager Common Files 10.2.0.5.6 
Install Log:Copying files for:  Enterprise Manager Application Server Plugin -- Common Support 11.1.1.7.0 
Install Log:Copying files for:  Oracle Webcenter Portal: Skin 11.1.1.7.0 
Install Log:Copying files for:  Oracle MySQL Connector 11.1.1.7.0 
Install Log:Copying files for:  JDEVADF 11.1.1.7.0 
Install Log:Copying files for:  Oracle Bali Share 11.1.1.7.0 
Install Log:Copying files for:  Oracle JFC Extended Windowing Toolkit 11.1.1.7.0 
Install Log:Copying files for:  Oracle Extended Windowing Toolkit 11.1.1.7.0 
Install Log:Copying files for:  Oracle Help Share Library 11.1.1.7.0 
Install Log:Copying files for:  Oracle Help for the Web Shared Library 11.1.1.7.0 
Install Log:Copying files for:  Oracle Help for the Web - Rich Client 11.1.1.7.0 
Install Log:Copying files for:  Oracle Help for the Web - UIX 11.1.1.7.0 
Install Log:Copying files for:  Oracle Help for Java 11.1.1.7.0 
Install Log:Copying files for:  Oracle Display Fonts 11.1.1.7.0 
Install Log:Copying files for:  Oracle Ice Browser 11.1.1.7.0 
Install Log:Copying files for:  Oracle UIX 11.1.1.7.0 
Install Log:Copying files for:  Oracle Remote Diagnostic Agent 11.1.1.7.0 
Install Log:Copying files for:  Oracle JSCH 11.1.1.7.0 
Install Log:Copying files for:  Jython 11.1.1.7.0 
Install Log:Copying files for:  Oracle Jakarta 11.1.1.7.0 
Install Log:Copying files for:  Oracle JGroups 11.1.1.7.0 
Install Log:Copying files for:  Oracle Diagnostics Health Test Framework 11.1.1.7.0 
Install Log:Copying files for:  Oracle Apps Trace JRF 11.1.1.7.0 
Install Log:Copying files for:  OracleAS JRF Datadirect 11.1.1.7.0 
Install Log:Copying files for:  OracleAS JRF ApplCore 11.1.1.7.0 
Install Log:Copying files for:  OracleAS OPSS 11.1.1.7.0 
Install Log:Copying files for:  OracleAS HA Powertools 11.1.1.7.0 
Install Log:Copying files for:  Oracle Fusion Middleware Common Admin Config 11.1.1.6.0 
Install Log:Copying files for:  OracleAS AUDIT JRF 11.1.1.7.0 
Install Log:Copying files for:  Oracle Application Server Kernel Files JRF 11.1.1.7.0 
Install Log:Copying files for:  Oracle Webcenter Portal: Portlet Server Minimal 11.1.1.7.0 
Install Log:Copying files for:  Oracle WebCenter Portal: Page Editor 11.1.1.7.0 
Install Log:Copying files for:  Enterprise Manager Application Server Integrator Plugin -- Management Service Support 11.1.1.7.0 
Install Log:Copying files for:  Oracle Application Development Framework JRF 11.1.1.7.0 
Install Log:Copying files for:  OracleAS TopLink JRF 11.1.1.6.0 
Install Log:Copying files for:  OracleAS TopLink Thirdparty JRF 11.1.1.6.0 
Install Log:Copying files for:  OracleAS J2EE Thirdparty JRF 11.1.1.7.0 
Install Log:Copying files for:  OracleAS J2EE JRF 11.1.1.7.0 
Install Log:Copying files for:  Oracle Java Object Cache JRF 11.1.1.7.0 
Install Log:Copying files for:  Oracle Dynamic Monitoring Service JRF 11.1.1.7.0 
Install Log:Copying files for:  OracleAS JRF OWSM 11.1.1.7.0 
Install Log:Copying files for:  OracleAS JRF 11.1.1.7.0 
Install Log:Copying files for:  Oracle Upgrade Assistant 11.1.1.7.0 
Install Log:Copying files for:  Oracle AS Common Toplevel Component 11.1.1.2.0 
Install Phase:COPY	 State:END
Install Log:File Copy Completed
===========================================
Install Phase:SETUP	 State:BEGIN
Install Log:Setting Up Installed Components
Install Log:Setting Up:  Installer SDK Component 11.1.0.9.0 
Install Log:Setting Up:  Oracle One-Off Patch Installer 11.1.0.8.2 
Install Log:Setting Up:  Oracle Universal Installer 11.1.0.9.0 
Install Log:Setting Up:  Oracle Upgrade Assistant for common 11.1.1.7.0 
Install Log:Setting Up:  Oracle Upgrade Assistant 11.1.1.7.0 
Install Log:Setting Up:  Application Server 11g Common Cloning Component 11.1.1.7.0 
Install Log:Setting Up:  OracleAS Documentation 11.1.1.7.0 
Install Log:Setting Up:  Oracle BPM Management Extension 11.1.1.7.0 
Install Log:Setting Up:  Enterprise Manager Application Server Integrator Plugin -- SOA 11.1.1.7.0 
Install Log:Setting Up:  Oracle SOA Management 11.1.1.7.0 
Install Log:Setting Up:  Oracle Enterprise Manager Application Server WLS Support 11.1.1.7.0 
Install Log:Setting Up:  Oracle Enterprise Manager Application Server WLS Support 11.1.1.7.0 
Install Log:Setting Up:  Enterprise Manager Grid Control Core UI Common Files 11.1.1.7.0 
Install Log:Setting Up:  Enterprise Manager Application Server Plugin -- Common Management Service Support 11.1.1.7.0 
Install Log:Setting Up:  Enterprise Manager Application Server Plugin -- AS Management Service Support 11.1.1.7.0 
Install Log:Setting Up:  Enterprise Manager Common Core Files 11.1.1.7.0 
Install Log:Setting Up:  Enterprise Manager Application Server Integrator Plugin -- Agent Support 11.1.1.7.0 
Install Log:Setting Up:  AS Control UI Core Files 11.1.1.7.0 
Install Log:Setting Up:  Repository Creation Utility 11.1.1.7.0 
Install Log:Setting Up:  Enterprise Manager Grid Control Core Files 11.1.1.7.0 
Install Log:Setting Up:  Enterprise Manager Common Files 10.2.0.5.6 
Install Log:Setting Up:  Enterprise Manager Application Server Plugin -- Common Support 11.1.1.7.0 
Install Log:Setting Up:  Oracle Webcenter Portal: Skin 11.1.1.7.0 
Install Log:Setting Up:  Oracle MySQL Connector 11.1.1.7.0 
Install Log:Setting Up:  JDEVADF 11.1.1.7.0 
Install Log:Setting Up:  Oracle Bali Share 11.1.1.7.0 
Install Log:Setting Up:  Oracle JFC Extended Windowing Toolkit 11.1.1.7.0 
Install Log:Setting Up:  Oracle Extended Windowing Toolkit 11.1.1.7.0 
Install Log:Setting Up:  Oracle Help Share Library 11.1.1.7.0 
Install Log:Setting Up:  Oracle Help for the Web Shared Library 11.1.1.7.0 
Install Log:Setting Up:  Oracle Help for the Web - Rich Client 11.1.1.7.0 
Install Log:Setting Up:  Oracle Help for the Web - UIX 11.1.1.7.0 
Install Log:Setting Up:  Oracle Help for Java 11.1.1.7.0 
Install Log:Setting Up:  Oracle Display Fonts 11.1.1.7.0 
Install Log:Setting Up:  Oracle Ice Browser 11.1.1.7.0 
Install Log:Setting Up:  Oracle UIX 11.1.1.7.0 
Install Log:Setting Up:  Oracle Remote Diagnostic Agent 11.1.1.7.0 
Install Log:Setting Up:  Oracle JSCH 11.1.1.7.0 
Install Log:Setting Up:  Jython 11.1.1.7.0 
Install Log:Setting Up:  Oracle Jakarta 11.1.1.7.0 
Install Log:Setting Up:  Oracle JGroups 11.1.1.7.0 
Install Log:Setting Up:  Oracle Diagnostics Health Test Framework 11.1.1.7.0 
Install Log:Setting Up:  Oracle Apps Trace JRF 11.1.1.7.0 
Install Log:Setting Up:  OracleAS JRF Datadirect 11.1.1.7.0 
Install Log:Setting Up:  OracleAS JRF ApplCore 11.1.1.7.0 
Install Log:Setting Up:  OracleAS OPSS 11.1.1.7.0 
Install Log:Setting Up:  OracleAS HA Powertools 11.1.1.7.0 
Install Log:Setting Up:  Oracle Fusion Middleware Common Admin Config 11.1.1.6.0 
Install Log:Setting Up:  OracleAS AUDIT JRF 11.1.1.7.0 
Install Log:Setting Up:  Oracle Application Server Kernel Files JRF 11.1.1.7.0 
Install Log:Setting Up:  Oracle Webcenter Portal: Portlet Server Minimal 11.1.1.7.0 
Install Log:Setting Up:  Oracle WebCenter Portal: Page Editor 11.1.1.7.0 
Install Log:Setting Up:  Enterprise Manager Application Server Integrator Plugin -- Management Service Support 11.1.1.7.0 
Install Log:Setting Up:  Oracle Application Development Framework JRF 11.1.1.7.0 
Install Log:Setting Up:  OracleAS TopLink JRF 11.1.1.6.0 
Install Log:Setting Up:  OracleAS TopLink Thirdparty JRF 11.1.1.6.0 
Install Log:Setting Up:  OracleAS J2EE Thirdparty JRF 11.1.1.7.0 
Install Log:Setting Up:  OracleAS J2EE JRF 11.1.1.7.0 
Install Log:Setting Up:  Oracle Java Object Cache JRF 11.1.1.7.0 
Install Log:Setting Up:  Oracle Dynamic Monitoring Service JRF 11.1.1.7.0 
Install Log:Setting Up:  OracleAS JRF OWSM 11.1.1.7.0 
Install Log:Setting Up:  OracleAS JRF 11.1.1.7.0 
Install Log:Setting Up:  Oracle Upgrade Assistant 11.1.1.7.0 
Install Log:Setting Up:  Oracle AS Common Toplevel Component 11.1.1.2.0 
Install Phase:SETUP	 State:END
Install Log:Setup Completed
Install Log:Saving the inventory. It may take few minutes.
Inside onDoneProgress method ....
Source Loc:D:\Software\OSB_WLS _ECLIPSE_complete\ofm_osb_generic_11.1.1.7.0_disk1_1of1\Disk1\install\win64\../../stage/products.xml
Install Log:Install Completed
===========================================
Install Phase:COPY	 State:BEGIN
Install Log:Starting File Copy
Install Log:Copying files for:  Installer SDK Component 11.1.0.9.0 
Install Log:Copying files for:  Oracle One-Off Patch Installer 11.1.0.8.2 
Install Log:Copying files for:  Oracle Universal Installer 11.1.0.9.0 
Install Log:Copying files for:  Eclipse Plugins for Oracle Service Bus 11.1.1.7.0 
Install Log:Copying files for:  Oracle Fusion Middleware Admin Config 11.1.1.6.0 
Install Log:Copying files for:  Oracle SOA Common Adapters 11.1.1.7.0 
Install Log:Copying files for:  Oracle Service Bus Server 11.1.1.7.0 
Install Log:Copying files for:  Oracle Service Bus 11.1.1.7.0 
Install Phase:COPY	 State:END
Install Log:File Copy Completed
===========================================
Install Phase:SETUP	 State:BEGIN
Install Log:Setting Up Installed Components
Install Log:Setting Up:  Installer SDK Component 11.1.0.9.0 
Install Log:Setting Up:  Oracle One-Off Patch Installer 11.1.0.8.2 
Install Log:Setting Up:  Oracle Universal Installer 11.1.0.9.0 
Install Log:Setting Up:  Eclipse Plugins for Oracle Service Bus 11.1.1.7.0 
Install Log:Setting Up:  Oracle Fusion Middleware Admin Config 11.1.1.6.0 
Install Log:Setting Up:  Oracle SOA Common Adapters 11.1.1.7.0 
Install Log:Setting Up:  Oracle Service Bus Server 11.1.1.7.0 
Install Log:Setting Up:  Oracle Service Bus 11.1.1.7.0 
Install Phase:SETUP	 State:END
Install Log:Setup Completed
Install Log:Saving the inventory. It may take few minutes.
Inside onDoneProgress method ....
DEBUG >>> : Adding ref home ...
DEBUG >>> : Saving inventory ...
DEBUG >>> : Added ref home ...C:\Oracle\Middleware/oracle_common
Removing shortcut item.
Setting folder name to  Oracle - OH1744246877\Oracle Installation Products
Setting itemName to Universal Installer
Invoking OUI action.
OUI action invoked successfully.[]
Shortcut removed successfully. 
Removing shortcut item.
Setting folder name to  Oracle Common Home 11g - Home3
Setting itemName to Configure Application Server
Invoking OUI action.
OUI action invoked successfully.[]
Shortcut removed successfully. 
Removing shortcut item.
Setting folder name to  Oracle Common Home 11g - Home3
Setting itemName to Uninstall
Invoking OUI action.
OUI action invoked successfully.[]
Shortcut removed successfully. 
Creating new shortcut item.
Setting execuatable to C:\Oracle\Middleware\oracle_common\common\bin\config.cmd
Setting parameter to 
Setting folder name to  Oracle Common Home 11g - Home3
Setting itemName to Configure Application Server
Setting workingDir to C:\Oracle\Middleware\oracle_common\install\bin
Setting iconFileName to C:\Oracle\Middleware\oracle_common\common\bin\config.cmd
Setting parameters to []
Invoking OUI action.
OUI action invoked successfully.[]
Shortcut created successfully. 
Creating new shortcut item.
Setting execuatable to C:\Oracle\Middleware\oracle_common\oui\bin\setup.exe
Setting parameter to -deinstall
Setting folder name to  Oracle Common Home 11g - Home3
Setting itemName to Uninstall
Setting workingDir to C:\Oracle\Middleware\oracle_common\oui\bin
Setting iconFileName to C:\Oracle\Middleware\oracle_common\oui\bin\setup.exe
Setting parameters to []
Invoking OUI action.
OUI action invoked successfully.[]
Shortcut created successfully. 
setupinfo:file: C:\Oracle\Middleware\Oracle_OSB1\install\setupinfo.txt
setupinfo: Oracle Service Bus 11g
	Directory Details
		Oracle Home Location: C:\Oracle\Middleware\Oracle_OSB1
		Middleware Home Location: C:\Oracle\Middleware
		WebLogic Server Home Location: C:\Oracle\Middleware\wlserver_10.3
		OEPE Home Location: D:\Software\oepe-indigo-all-in-one-11.1.1.8.0.201110211138-win32-x86_64
	Applications
		Oracle Service Bus Server
		Oracle Service Bus IDE
Adding Property: ALSB_INSTALL_DIR=C\:\\Oracle\\Middleware\\Oracle_OSB1 to C:\Oracle\Middleware\wlserver_10.3\.product.properties
Removing shortcut item.
Setting folder name to  Oracle - OH569619429\Oracle Installation Products
Setting itemName to Universal Installer
Invoking OUI action.
OUI action invoked successfully.[]
Shortcut removed successfully. 
Removing shortcut item.
Setting folder name to  Oracle Service Bus 11g - Home3
Setting itemName to Configuration Wizard
Invoking OUI action.
OUI action invoked successfully.[]
Shortcut removed successfully. 
Removing shortcut item.
Setting folder name to  Oracle Service Bus 11g - Home3
Setting itemName to Online Documentation
Invoking OUI action.
OUI action invoked successfully.[]
Shortcut removed successfully. 
Removing shortcut item.
Setting folder name to  Oracle Service Bus 11g - Home3
Setting itemName to Uninstall Oracle Service Bus
Invoking OUI action.
OUI action invoked successfully.[]
Shortcut removed successfully. 
Removing shortcut item.
Setting folder name to  Oracle Service Bus 11g - Home3
Setting itemName to Oracle Enterprise Pack for Eclipse
Invoking OUI action.
OUI action invoked successfully.[]
Shortcut removed successfully. 
Creating new shortcut item.
Setting execuatable to C:\Oracle\Middleware\wlserver_10.3\common\bin\config.cmd
Setting parameter to 
Setting folder name to  Oracle Service Bus 11g - Home3
Setting itemName to Configuration Wizard
Setting workingDir to C:\Oracle\Middleware\Oracle_OSB1\install\bin
Setting iconFileName to C:\Oracle\Middleware\wlserver_10.3\common\bin\config.cmd
Setting parameters to []
Invoking OUI action.
OUI action invoked successfully.[]
Shortcut created successfully. 
Creating new shortcut item.
Setting execuatable to C:\Oracle\Middleware\Oracle_OSB1\bin\OSB.url
Setting parameter to 
Setting folder name to  Oracle Service Bus 11g - Home3
Setting itemName to Online Documentation
Setting workingDir to C:\Oracle\Middleware\Oracle_OSB1\bin
Setting iconFileName to C:\Oracle\Middleware\Oracle_OSB1\bin\OSB.url
Setting parameters to []
Invoking OUI action.
OUI action invoked successfully.[]
Shortcut created successfully. 
Creating new shortcut item.
Setting execuatable to C:\Oracle\Middleware\Oracle_OSB1\oui\bin\setup.exe
Setting parameter to -deinstall
Setting folder name to  Oracle Service Bus 11g - Home3
Setting itemName to Uninstall Oracle Service Bus
Setting workingDir to C:\Oracle\Middleware\Oracle_OSB1\oui\bin
Setting iconFileName to C:\Oracle\Middleware\Oracle_OSB1\oui\bin\setup.exe
Setting parameters to []
Invoking OUI action.
OUI action invoked successfully.[]
Shortcut created successfully. 
Creating new shortcut item.
Setting execuatable to D:\Software\oepe-indigo-all-in-one-11.1.1.8.0.201110211138-win32-x86_64\eclipse.exe
Setting parameter to 
Setting folder name to  Oracle Service Bus 11g - Home3
Setting itemName to Oracle Enterprise Pack for Eclipse
Setting workingDir to D:\Software\oepe-indigo-all-in-one-11.1.1.8.0.201110211138-win32-x86_64
Setting iconFileName to D:\Software\oepe-indigo-all-in-one-11.1.1.8.0.201110211138-win32-x86_64\eclipse.exe
Setting parameters to []
Invoking OUI action.
OUI action invoked successfully.[]
Shortcut created successfully. 
Patch XML: C:\Oracle\Middleware\Oracle_OSB1\install\patches\wlspatch\patch.xml not found. No Patches to Apply.
Setting current page standalone validations to true
outputFile:C:\Program Files\Oracle\Inventory\logs\installProfile2018-12-10_02-56-35PM.log
in writeProfile method..
Calling OUI Exit Operations Here.
