Install Log:Install Completed
===========================================
Install Phase:COPY	 State:BEGIN
Install Log:Starting File Copy
Install Log:Copying files for:  Installer SDK Component 11.1.0.9.0 
Install Log:Copying files for:  Oracle One-Off Patch Installer 11.1.0.8.2 
Install Log:Copying files for:  Oracle Universal Installer 11.1.0.9.0 
Install Log:Copying files for:  Eclipse Plugins for Oracle Service Bus 11.1.1.7.0 
Install Log:Copying files for:  Oracle Fusion Middleware Admin Config 11.1.1.6.0 
Install Log:Copying files for:  Oracle SOA Common Adapters 11.1.1.7.0 
Install Log:Copying files for:  Oracle Service Bus Server 11.1.1.7.0 
Install Log:Copying files for:  Oracle Service Bus 11.1.1.7.0 
Install Phase:COPY	 State:END
Install Log:File Copy Completed
===========================================
Install Phase:SETUP	 State:BEGIN
Install Log:Setting Up Installed Components
Install Log:Setting Up:  Installer SDK Component 11.1.0.9.0 
Install Log:Setting Up:  Oracle One-Off Patch Installer 11.1.0.8.2 
Install Log:Setting Up:  Oracle Universal Installer 11.1.0.9.0 
Install Log:Setting Up:  Eclipse Plugins for Oracle Service Bus 11.1.1.7.0 
Install Log:Setting Up:  Oracle Fusion Middleware Admin Config 11.1.1.6.0 
Install Log:Setting Up:  Oracle SOA Common Adapters 11.1.1.7.0 
Install Log:Setting Up:  Oracle Service Bus Server 11.1.1.7.0 
Install Log:Setting Up:  Oracle Service Bus 11.1.1.7.0 
Install Phase:SETUP	 State:END
Install Log:Setup Completed
Install Log:Saving the inventory. It may take few minutes.
Inside onDoneProgress method ....
DEBUG >>> : Adding ref home ...
DEBUG >>> : Saving inventory ...
DEBUG >>> : Added ref home ...C:\Oracle\Middleware/oracle_common
Removing shortcut item.
Setting folder name to  Oracle - OH1744246877\Oracle Installation Products
Setting itemName to Universal Installer
Invoking OUI action.
OUI action invoked successfully.[]
Shortcut removed successfully. 
Removing shortcut item.
Setting folder name to  Oracle Common Home 11g - Home3
Setting itemName to Configure Application Server
Invoking OUI action.
OUI action invoked successfully.[]
Shortcut removed successfully. 
Removing shortcut item.
Setting folder name to  Oracle Common Home 11g - Home3
Setting itemName to Uninstall
Invoking OUI action.
OUI action invoked successfully.[]
Shortcut removed successfully. 
Creating new shortcut item.
Setting execuatable to C:\Oracle\Middleware\oracle_common\common\bin\config.cmd
Setting parameter to 
Setting folder name to  Oracle Common Home 11g - Home3
Setting itemName to Configure Application Server
Setting workingDir to C:\Oracle\Middleware\oracle_common\install\bin
Setting iconFileName to C:\Oracle\Middleware\oracle_common\common\bin\config.cmd
Setting parameters to []
Invoking OUI action.
OUI action invoked successfully.[]
Shortcut created successfully. 
Creating new shortcut item.
Setting execuatable to C:\Oracle\Middleware\oracle_common\oui\bin\setup.exe
Setting parameter to -deinstall
Setting folder name to  Oracle Common Home 11g - Home3
Setting itemName to Uninstall
Setting workingDir to C:\Oracle\Middleware\oracle_common\oui\bin
Setting iconFileName to C:\Oracle\Middleware\oracle_common\oui\bin\setup.exe
Setting parameters to []
Invoking OUI action.
OUI action invoked successfully.[]
Shortcut created successfully. 
setupinfo:file: C:\Oracle\Middleware\Oracle_OSB1\install\setupinfo.txt
setupinfo: Oracle Service Bus 11g
	Directory Details
		Oracle Home Location: C:\Oracle\Middleware\Oracle_OSB1
		Middleware Home Location: C:\Oracle\Middleware
		WebLogic Server Home Location: C:\Oracle\Middleware\wlserver_10.3
		OEPE Home Location: D:\Software\oepe-indigo-all-in-one-11.1.1.8.0.201110211138-win32-x86_64
	Applications
		Oracle Service Bus Server
		Oracle Service Bus IDE
Adding Property: ALSB_INSTALL_DIR=C\:\\Oracle\\Middleware\\Oracle_OSB1 to C:\Oracle\Middleware\wlserver_10.3\.product.properties
Removing shortcut item.
Setting folder name to  Oracle - OH569619429\Oracle Installation Products
Setting itemName to Universal Installer
Invoking OUI action.
OUI action invoked successfully.[]
Shortcut removed successfully. 
Removing shortcut item.
Setting folder name to  Oracle Service Bus 11g - Home3
Setting itemName to Configuration Wizard
Invoking OUI action.
OUI action invoked successfully.[]
Shortcut removed successfully. 
Removing shortcut item.
Setting folder name to  Oracle Service Bus 11g - Home3
Setting itemName to Online Documentation
Invoking OUI action.
OUI action invoked successfully.[]
Shortcut removed successfully. 
Removing shortcut item.
Setting folder name to  Oracle Service Bus 11g - Home3
Setting itemName to Uninstall Oracle Service Bus
Invoking OUI action.
OUI action invoked successfully.[]
Shortcut removed successfully. 
Removing shortcut item.
Setting folder name to  Oracle Service Bus 11g - Home3
Setting itemName to Oracle Enterprise Pack for Eclipse
Invoking OUI action.
OUI action invoked successfully.[]
Shortcut removed successfully. 
Creating new shortcut item.
Setting execuatable to C:\Oracle\Middleware\wlserver_10.3\common\bin\config.cmd
Setting parameter to 
Setting folder name to  Oracle Service Bus 11g - Home3
Setting itemName to Configuration Wizard
Setting workingDir to C:\Oracle\Middleware\Oracle_OSB1\install\bin
Setting iconFileName to C:\Oracle\Middleware\wlserver_10.3\common\bin\config.cmd
Setting parameters to []
Invoking OUI action.
OUI action invoked successfully.[]
Shortcut created successfully. 
Creating new shortcut item.
Setting execuatable to C:\Oracle\Middleware\Oracle_OSB1\bin\OSB.url
Setting parameter to 
Setting folder name to  Oracle Service Bus 11g - Home3
Setting itemName to Online Documentation
Setting workingDir to C:\Oracle\Middleware\Oracle_OSB1\bin
Setting iconFileName to C:\Oracle\Middleware\Oracle_OSB1\bin\OSB.url
Setting parameters to []
Invoking OUI action.
OUI action invoked successfully.[]
Shortcut created successfully. 
Creating new shortcut item.
Setting execuatable to C:\Oracle\Middleware\Oracle_OSB1\oui\bin\setup.exe
Setting parameter to -deinstall
Setting folder name to  Oracle Service Bus 11g - Home3
Setting itemName to Uninstall Oracle Service Bus
Setting workingDir to C:\Oracle\Middleware\Oracle_OSB1\oui\bin
Setting iconFileName to C:\Oracle\Middleware\Oracle_OSB1\oui\bin\setup.exe
Setting parameters to []
Invoking OUI action.
OUI action invoked successfully.[]
Shortcut created successfully. 
Creating new shortcut item.
Setting execuatable to D:\Software\oepe-indigo-all-in-one-11.1.1.8.0.201110211138-win32-x86_64\eclipse.exe
Setting parameter to 
Setting folder name to  Oracle Service Bus 11g - Home3
Setting itemName to Oracle Enterprise Pack for Eclipse
Setting workingDir to D:\Software\oepe-indigo-all-in-one-11.1.1.8.0.201110211138-win32-x86_64
Setting iconFileName to D:\Software\oepe-indigo-all-in-one-11.1.1.8.0.201110211138-win32-x86_64\eclipse.exe
Setting parameters to []
Invoking OUI action.
OUI action invoked successfully.[]
Shortcut created successfully. 
Patch XML: C:\Oracle\Middleware\Oracle_OSB1\install\patches\wlspatch\patch.xml not found. No Patches to Apply.
Setting current page standalone validations to true
outputFile:C:\Program Files\Oracle\Inventory\logs\installProfile2018-12-10_02-56-35PM.log
in writeProfile method..
Calling OUI Exit Operations Here.
