!SESSION 2018-12-27 20:09:54.298 -----------------------------------------------
eclipse.buildId=M20100909-0800
java.version=1.6.0_45
java.vendor=Sun Microsystems Inc.
BootLoader constants: OS=win32, ARCH=x86_64, WS=win32, NL=en_US
Framework arguments:  -application com.bea.alsb.core.ConfigExport -configProject OSB Configuration -configJar C:/Users/sandeepku/Desktop/OSB-Code/New/sbconfig.jar -configSubProjects ASynchronous -includeDependencies true
Command-line arguments:  -data C:/Users/sandeepku/Desktop/OSB-Code/VFQA_CRM_SOAPSubscriber -application com.bea.alsb.core.ConfigExport -configProject OSB Configuration -configJar C:/Users/sandeepku/Desktop/OSB-Code/New/sbconfig.jar -configSubProjects ASynchronous -includeDependencies true

!ENTRY org.eclipse.osgi 4 0 2018-12-27 20:09:56.375
!MESSAGE Application error
!STACK 1
java.lang.RuntimeException: Application "com.bea.alsb.core.ConfigExport" could not be found in the registry. The applications available are: org.eclipse.ant.core.antRunner, org.eclipse.ant.ui.antRunner, org.eclipse.datatools.connectivity.console.profile.StorageFileEditor, org.eclipse.emf.codegen.CodeGen, org.eclipse.emf.codegen.JMerger, org.eclipse.emf.codegen.ecore.Generator, org.eclipse.emf.importer.ecore.Ecore2GenModel, org.eclipse.emf.importer.java.Java2GenModel, org.eclipse.emf.importer.rose.Rose2GenModel, org.eclipse.equinox.app.error, org.eclipse.equinox.p2.director.app.application, org.eclipse.equinox.p2.director, org.eclipse.equinox.p2.garbagecollector.application, org.eclipse.equinox.p2.metadata.generator.EclipseGenerator, org.eclipse.equinox.p2.publisher.InstallPublisher, org.eclipse.equinox.p2.publisher.EclipseGenerator, org.eclipse.equinox.p2.publisher.ProductPublisher, org.eclipse.equinox.p2.publisher.FeaturesAndBundlesPublisher, org.eclipse.equinox.p2.reconciler.application, org.eclipse.equinox.p2.repository.repo2runnable, org.eclipse.equinox.p2.repository.metadataverifier, org.eclipse.equinox.p2.artifact.repository.mirrorApplication, org.eclipse.equinox.p2.metadata.repository.mirrorApplication, org.eclipse.equinox.p2.updatesite.UpdateSitePublisher, org.eclipse.equinox.p2.publisher.UpdateSitePublisher, org.eclipse.equinox.p2.publisher.CategoryPublisher, org.eclipse.help.base.infocenterApplication, org.eclipse.help.base.helpApplication, org.eclipse.help.base.indexTool, org.eclipse.jdt.apt.core.aptBuild, org.eclipse.jdt.core.JavaCodeFormatter, org.eclipse.pde.build.Build, org.eclipse.pde.junit.runtime.uitestapplication, org.eclipse.pde.junit.runtime.legacytestapplication, org.eclipse.pde.junit.runtime.coretestapplication, org.eclipse.pde.junit.runtime.coretestapplicationnonmain, org.eclipse.pde.junit.runtime.nonuithreadtestapplication, org.eclipse.ui.ide.workbench, org.eclipse.update.core.standaloneUpdate, org.eclipse.update.core.siteOptimizer, org.eclipse.wst.jsdt.core.JavaCodeFormatter, org.eclipse.wst.server.preview.preview.
	at org.eclipse.equinox.internal.app.EclipseAppContainer.startDefaultApp(EclipseAppContainer.java:248)
	at org.eclipse.equinox.internal.app.MainApplicationLauncher.run(MainApplicationLauncher.java:29)
	at org.eclipse.core.runtime.internal.adaptor.EclipseAppLauncher.runApplication(EclipseAppLauncher.java:110)
	at org.eclipse.core.runtime.internal.adaptor.EclipseAppLauncher.start(EclipseAppLauncher.java:79)
	at org.eclipse.core.runtime.adaptor.EclipseStarter.run(EclipseStarter.java:369)
	at org.eclipse.core.runtime.adaptor.EclipseStarter.run(EclipseStarter.java:179)
	at sun.reflect.NativeMethodAccessorImpl.invoke0(Native Method)
	at sun.reflect.NativeMethodAccessorImpl.invoke(NativeMethodAccessorImpl.java:39)
	at sun.reflect.DelegatingMethodAccessorImpl.invoke(DelegatingMethodAccessorImpl.java:25)
	at java.lang.reflect.Method.invoke(Method.java:597)
	at org.eclipse.equinox.launcher.Main.invokeFramework(Main.java:619)
	at org.eclipse.equinox.launcher.Main.basicRun(Main.java:574)
	at org.eclipse.equinox.launcher.Main.run(Main.java:1407)
	at org.eclipse.equinox.launcher.Main.main(Main.java:1383)
