INFO: Environment Variables: 

INFO: 	ORACLE_HOME = 

INFO: 	PATH = C:\app\Administrator\product\11.2.0\client_1;C:\Program Files (x86)\Intel\Intel(R) Management Engine Components\iCLS\;C:\Program Files\Intel\Intel(R) Management Engine Components\iCLS\;C:\Windows\system32;C:\Windows;C:\Windows\System32\Wbem;C:\Windows\System32\WindowsPowerShell\v1.0\;C:\Program Files\Intel\WiFi\bin\;C:\Program Files\Common Files\Intel\WirelessCommon\;C:\Program Files (x86)\Intel\Intel(R) Management Engine Components\DAL;C:\Program Files\Intel\Intel(R) Management Engine Components\DAL;C:\Program Files (x86)\Intel\Intel(R) Management Engine Components\IPT;C:\Program Files\Intel\Intel(R) Management Engine Components\IPT;C:\Program Files\TortoiseSVN\bin;C:\Users\caretaker\AppData\Local\Microsoft\WindowsApps

INFO: 	CLASSPATH = 

INFO: Username:caretaker

INFO: Install area Control created with access level  0

INFO: Creating a new Install area Control for this inventory session with new  access level  0

INFO: Install area Control created with access level  0

INFO: Creating a new Install area Control for this inventory session with new  access level  0

INFO: Install area Control created with access level  0

INFO: Creating a new Install area Control for this inventory session with new  access level  0

INFO: Install area Control created with access level  0

INFO: Creating a new Install area Control for this inventory session with new  access level  0

INFO: Install area Control created with access level  0

INFO: Prerequisite Checker Version Version 11.1.0.9.0 Production 
INFO: Using an existing InstallAreaControl for this Inventory Session with existing access level 0
INFO: Using an existing InstallAreaControl for this Inventory Session with existing access level 0
INFO: Setting the Log location to C:\Program Files\Oracle\Inventory\logs to the file install with extension .log
INFO: Initializing the OiiiInstallAreaControl
INFO: Install area Control created with access level  1
INFO: Logs dir C:\Program Files\Oracle\Inventory/logs
INFO: Update the state machine to STATE_INIT_ENV
INFO: Registering the dir C:\Users\CARETA~1\AppData\Local\Temp\OraInstall2018-12-10_02-56-35PM with the ExitOps to be cleanedup, when ExitOps's doExitOperations or exit is called
INFO: Initializing the Session for INSTALL
INFO: Creating a new OiicInstallAPISession
